d:\work\dianac\lab10\consoleapplication1\debug\consoleapplication1.pch
d:\work\dianac\lab10\consoleapplication1\debug\vc120.pdb
d:\work\dianac\lab10\consoleapplication1\debug\vc120.idb
d:\work\dianac\lab10\consoleapplication1\debug\stdafx.obj
d:\work\dianac\lab10\consoleapplication1\debug\consoleapplication1.obj
d:\work\dianac\lab10\debug\consoleapplication1.ilk
d:\work\dianac\lab10\debug\consoleapplication1.exe
d:\work\dianac\lab10\debug\consoleapplication1.pdb
d:\dianac\lab10\consoleapplication1\debug\consoleapplication1.obj
d:\dianac\lab10\consoleapplication1\debug\stdafx.obj
d:\dianac\lab10\consoleapplication1\debug\consoleapplication1.pch
d:\dianac\lab10\consoleapplication1\debug\vc120.idb
d:\dianac\lab10\consoleapplication1\debug\vc120.pdb
d:\dianac\lab10\debug\consoleapplication1.pdb
d:\dianac\lab10\debug\consoleapplication1.exe
d:\dianac\lab10\debug\consoleapplication1.ilk
d:\dianac\lab10\consoleapplication1\debug\consolea.753c55f8.tlog\cl.command.1.tlog
d:\dianac\lab10\consoleapplication1\debug\consolea.753c55f8.tlog\cl.read.1.tlog
d:\dianac\lab10\consoleapplication1\debug\consolea.753c55f8.tlog\cl.write.1.tlog
d:\dianac\lab10\consoleapplication1\debug\consolea.753c55f8.tlog\link.command.1.tlog
d:\dianac\lab10\consoleapplication1\debug\consolea.753c55f8.tlog\link.read.1.tlog
d:\dianac\lab10\consoleapplication1\debug\consolea.753c55f8.tlog\link.write.1.tlog
